0 verbose cli /data/data/com.termux/files/usr/bin/node /data/data/com.termux/files/usr/bin/npm
1 info using npm@11.6.2
2 info using node@v25.3.0
3 silly config load:file:/data/data/com.termux/files/usr/lib/node_modules/npm/npmrc
4 silly config load:file:/data/data/com.termux/files/home/.npmrc
5 silly config load:file:/data/data/com.termux/files/usr/etc/npmrc
6 verbose title npm install express discord.js-selfbot-v13
7 verbose argv "install" "express" "discord.js-selfbot-v13"
8 verbose logfile logs-max:10 dir:/data/data/com.termux/files/home/.npm/_logs/2026-03-08T06_23_07_193Z-
9 verbose logfile /data/data/com.termux/files/home/.npm/_logs/2026-03-08T06_23_07_193Z-debug-0.log
10 silly logfile start cleaning logs, removing 1 files
11 silly logfile done cleaning log files
12 silly packumentCache heap:1080819712 maxSize:270204928 maxEntrySize:135102464
13 silly idealTree buildDeps
14 silly fetch manifest discord.js-selfbot-v13@^3.7.1
15 silly packumentCache full:https://registry.npmjs.org/discord.js-selfbot-v13 cache-miss
16 http fetch GET https://registry.npmjs.org/discord.js-selfbot-v13 attempt 1 failed with ETIMEDOUT
17 http fetch GET 200 https://registry.npmjs.org/discord.js-selfbot-v13 20602ms (cache revalidated)
18 silly packumentCache full:https://registry.npmjs.org/discord.js-selfbot-v13 set size:1038461 disposed:false
19 silly fetch manifest express@*
20 silly packumentCache full:https://registry.npmjs.org/express cache-miss
21 http fetch GET 200 https://registry.npmjs.org/express 1112ms (cache miss)
22 silly packumentCache full:https://registry.npmjs.org/express set size:undefined disposed:false
23 silly placeDep ROOT discord.js-selfbot-v13@3.7.1 REPLACE for:  want: ^3.7.1
24 silly placeDep ROOT express@5.2.1 OK for:  want: *
25 silly fetch manifest qs@^6.14.0
26 silly packumentCache full:https://registry.npmjs.org/qs cache-miss
27 silly fetch manifest depd@^2.0.0
28 silly packumentCache full:https://registry.npmjs.org/depd cache-miss
29 silly fetch manifest etag@^1.8.1
30 silly packumentCache full:https://registry.npmjs.org/etag cache-miss
31 silly fetch manifest once@^1.4.0
32 silly packumentCache full:https://registry.npmjs.org/once cache-miss
33 silly fetch manifest send@^1.1.0
34 silly packumentCache full:https://registry.npmjs.org/send cache-miss
35 silly fetch manifest vary@^1.1.2
36 silly packumentCache full:https://registry.npmjs.org/vary cache-miss
37 silly fetch manifest fresh@^2.0.0
38 silly packumentCache full:https://registry.npmjs.org/fresh cache-miss
39 http fetch GET 200 https://registry.npmjs.org/depd 501ms (cache miss)
40 silly packumentCache full:https://registry.npmjs.org/depd set size:undefined disposed:false
41 silly fetch manifest cookie@^0.7.1
42 silly packumentCache full:https://registry.npmjs.org/cookie cache-miss
43 http fetch GET 200 https://registry.npmjs.org/etag 846ms (cache miss)
44 silly packumentCache full:https://registry.npmjs.org/etag set size:undefined disposed:false
45 silly fetch manifest router@^2.2.0
46 silly packumentCache full:https://registry.npmjs.org/router cache-miss
47 http fetch GET 200 https://registry.npmjs.org/once 914ms (cache updated)
48 silly packumentCache full:https://registry.npmjs.org/once set size:undefined disposed:false
49 silly fetch manifest accepts@^2.0.0
50 silly packumentCache full:https://registry.npmjs.org/accepts cache-miss
51 http fetch GET 200 https://registry.npmjs.org/fresh 936ms (cache miss)
52 silly packumentCache full:https://registry.npmjs.org/fresh set size:undefined disposed:false
53 silly fetch manifest type-is@^2.0.1
54 silly packumentCache full:https://registry.npmjs.org/type-is cache-miss
55 http fetch GET 200 https://registry.npmjs.org/vary 963ms (cache miss)
56 silly packumentCache full:https://registry.npmjs.org/vary set size:undefined disposed:false
57 silly fetch manifest parseurl@^1.3.3
58 silly packumentCache full:https://registry.npmjs.org/parseurl cache-miss
59 http fetch GET 200 https://registry.npmjs.org/cookie 514ms (cache miss)
60 silly packumentCache full:https://registry.npmjs.org/cookie set size:undefined disposed:false
61 silly fetch manifest statuses@^2.0.1
62 silly packumentCache full:https://registry.npmjs.org/statuses cache-miss
63 http fetch GET 200 https://registry.npmjs.org/send 1108ms (cache miss)
64 silly packumentCache full:https://registry.npmjs.org/send set size:undefined disposed:false
65 silly fetch manifest encodeurl@^2.0.0
66 silly packumentCache full:https://registry.npmjs.org/encodeurl cache-miss
67 http fetch GET 200 https://registry.npmjs.org/router 370ms (cache miss)
68 silly packumentCache full:https://registry.npmjs.org/router set size:undefined disposed:false
69 silly fetch manifest mime-types@^3.0.0
70 silly packumentCache full:https://registry.npmjs.org/mime-types cache-miss
71 http fetch GET 200 https://registry.npmjs.org/parseurl 360ms (cache miss)
72 silly packumentCache full:https://registry.npmjs.org/parseurl set size:undefined disposed:false
73 silly fetch manifest proxy-addr@^2.0.7
74 silly packumentCache full:https://registry.npmjs.org/proxy-addr cache-miss
75 http fetch GET 200 https://registry.npmjs.org/qs 1404ms (cache miss)
76 silly packumentCache full:https://registry.npmjs.org/qs set size:undefined disposed:false
77 silly fetch manifest body-parser@^2.2.1
78 silly packumentCache full:https://registry.npmjs.org/body-parser cache-miss
79 http fetch GET 200 https://registry.npmjs.org/type-is 488ms (cache miss)
80 silly packumentCache full:https://registry.npmjs.org/type-is set size:undefined disposed:false
81 silly fetch manifest escape-html@^1.0.3
82 silly packumentCache full:https://registry.npmjs.org/escape-html cache-miss
83 http fetch GET 200 https://registry.npmjs.org/statuses 459ms (cache miss)
84 silly packumentCache full:https://registry.npmjs.org/statuses set size:undefined disposed:false
85 silly fetch manifest http-errors@^2.0.0
86 silly packumentCache full:https://registry.npmjs.org/http-errors cache-miss
87 http fetch GET 200 https://registry.npmjs.org/accepts 662ms (cache miss)
88 silly packumentCache full:https://registry.npmjs.org/accepts set size:undefined disposed:false
89 silly fetch manifest on-finished@^2.4.1
90 silly packumentCache full:https://registry.npmjs.org/on-finished cache-miss
91 http fetch GET 200 https://registry.npmjs.org/encodeurl 556ms (cache miss)
92 silly packumentCache full:https://registry.npmjs.org/encodeurl set size:undefined disposed:false
93 silly fetch manifest content-type@^1.0.5
94 silly packumentCache full:https://registry.npmjs.org/content-type cache-miss
95 http fetch GET 200 https://registry.npmjs.org/proxy-addr 355ms (cache miss)
96 silly packumentCache full:https://registry.npmjs.org/proxy-addr set size:undefined disposed:false
97 silly fetch manifest finalhandler@^2.1.0
98 silly packumentCache full:https://registry.npmjs.org/finalhandler cache-miss
99 http fetch GET 200 https://registry.npmjs.org/mime-types 557ms (cache revalidated)
100 silly packumentCache full:https://registry.npmjs.org/mime-types set size:139110 disposed:false
101 silly fetch manifest range-parser@^1.2.1
102 silly packumentCache full:https://registry.npmjs.org/range-parser cache-miss
103 http fetch GET 200 https://registry.npmjs.org/escape-html 360ms (cache miss)
104 silly packumentCache full:https://registry.npmjs.org/escape-html set size:undefined disposed:false
105 silly fetch manifest serve-static@^2.2.0
106 silly packumentCache full:https://registry.npmjs.org/serve-static cache-miss
107 http fetch GET 200 https://registry.npmjs.org/on-finished 301ms (cache miss)
108 silly packumentCache full:https://registry.npmjs.org/on-finished set size:undefined disposed:false
109 silly fetch manifest cookie-signature@^1.2.1
110 silly packumentCache full:https://registry.npmjs.org/cookie-signature cache-miss
111 http fetch GET 200 https://registry.npmjs.org/http-errors 447ms (cache miss)
112 silly packumentCache full:https://registry.npmjs.org/http-errors set size:undefined disposed:false
113 silly fetch manifest merge-descriptors@^2.0.0
114 silly packumentCache full:https://registry.npmjs.org/merge-descriptors cache-miss
115 http fetch GET 200 https://registry.npmjs.org/body-parser 610ms (cache miss)
116 silly packumentCache full:https://registry.npmjs.org/body-parser set size:undefined disposed:false
117 silly fetch manifest content-disposition@^1.0.0
118 silly packumentCache full:https://registry.npmjs.org/content-disposition cache-miss
119 http fetch GET 200 https://registry.npmjs.org/content-type 401ms (cache miss)
120 silly packumentCache full:https://registry.npmjs.org/content-type set size:undefined disposed:false
121 http fetch GET 200 https://registry.npmjs.org/finalhandler 382ms (cache miss)
122 silly packumentCache full:https://registry.npmjs.org/finalhandler set size:undefined disposed:false
123 http fetch GET 200 https://registry.npmjs.org/serve-static 333ms (cache miss)
124 silly packumentCache full:https://registry.npmjs.org/serve-static set size:undefined disposed:false
125 http fetch GET 200 https://registry.npmjs.org/range-parser 449ms (cache miss)
126 silly packumentCache full:https://registry.npmjs.org/range-parser set size:undefined disposed:false
127 http fetch GET 200 https://registry.npmjs.org/cookie-signature 382ms (cache miss)
128 silly packumentCache full:https://registry.npmjs.org/cookie-signature set size:undefined disposed:false
129 http fetch GET 200 https://registry.npmjs.org/content-disposition 252ms (cache miss)
130 silly packumentCache full:https://registry.npmjs.org/content-disposition set size:undefined disposed:false
131 http fetch GET 200 https://registry.npmjs.org/merge-descriptors 348ms (cache miss)
132 silly packumentCache full:https://registry.npmjs.org/merge-descriptors set size:undefined disposed:false
133 silly placeDep ROOT accepts@2.0.0 OK for: express@5.2.1 want: ^2.0.0
134 silly placeDep ROOT body-parser@2.2.2 OK for: express@5.2.1 want: ^2.2.1
135 silly placeDep ROOT content-disposition@1.0.1 OK for: express@5.2.1 want: ^1.0.0
136 silly placeDep ROOT content-type@1.0.5 OK for: express@5.2.1 want: ^1.0.5
137 silly placeDep ROOT cookie@0.7.2 OK for: express@5.2.1 want: ^0.7.1
138 silly placeDep ROOT cookie-signature@1.2.2 OK for: express@5.2.1 want: ^1.2.1
139 silly placeDep ROOT depd@2.0.0 OK for: express@5.2.1 want: ^2.0.0
140 silly placeDep ROOT encodeurl@2.0.0 OK for: express@5.2.1 want: ^2.0.0
141 silly placeDep ROOT escape-html@1.0.3 OK for: express@5.2.1 want: ^1.0.3
142 silly placeDep ROOT etag@1.8.1 OK for: express@5.2.1 want: ^1.8.1
143 silly placeDep ROOT finalhandler@2.1.1 OK for: express@5.2.1 want: ^2.1.0
144 silly placeDep ROOT fresh@2.0.0 OK for: express@5.2.1 want: ^2.0.0
145 silly placeDep ROOT http-errors@2.0.1 OK for: express@5.2.1 want: ^2.0.0
146 silly placeDep ROOT merge-descriptors@2.0.0 OK for: express@5.2.1 want: ^2.0.0
147 silly placeDep ROOT mime-types@3.0.2 OK for: express@5.2.1 want: ^3.0.0
148 silly placeDep ROOT on-finished@2.4.1 OK for: express@5.2.1 want: ^2.4.1
149 silly placeDep ROOT once@1.4.0 OK for: express@5.2.1 want: ^1.4.0
150 silly placeDep ROOT parseurl@1.3.3 OK for: express@5.2.1 want: ^1.3.3
151 silly placeDep ROOT proxy-addr@2.0.7 OK for: express@5.2.1 want: ^2.0.7
152 silly placeDep ROOT qs@6.15.0 OK for: express@5.2.1 want: ^6.14.0
153 silly placeDep ROOT range-parser@1.2.1 OK for: express@5.2.1 want: ^1.2.1
154 silly placeDep ROOT router@2.2.0 OK for: express@5.2.1 want: ^2.2.0
155 silly placeDep ROOT send@1.2.1 OK for: express@5.2.1 want: ^1.1.0
156 silly placeDep ROOT serve-static@2.2.1 OK for: express@5.2.1 want: ^2.2.0
157 silly placeDep ROOT statuses@2.0.2 OK for: express@5.2.1 want: ^2.0.1
158 silly placeDep ROOT type-is@2.0.1 OK for: express@5.2.1 want: ^2.0.1
159 silly placeDep ROOT vary@1.1.2 OK for: express@5.2.1 want: ^1.1.2
160 silly fetch manifest negotiator@^1.0.0
161 silly packumentCache full:https://registry.npmjs.org/negotiator cache-miss
162 silly fetch manifest bytes@^3.1.2
163 silly packumentCache full:https://registry.npmjs.org/bytes cache-miss
164 silly fetch manifest iconv-lite@^0.7.0
165 silly packumentCache full:https://registry.npmjs.org/iconv-lite cache-miss
166 silly fetch manifest qs@^6.14.1
167 silly packumentCache full:https://registry.npmjs.org/qs cache-miss
168 silly fetch manifest raw-body@^3.0.1
169 silly packumentCache full:https://registry.npmjs.org/raw-body cache-miss
170 silly fetch manifest inherits@~2.0.4
171 silly packumentCache full:https://registry.npmjs.org/inherits cache-miss
172 silly fetch manifest setprototypeof@~1.2.0
173 silly packumentCache full:https://registry.npmjs.org/setprototypeof cache-miss
174 http cache https://registry.npmjs.org/qs 224ms (cache hit)
175 silly packumentCache full:https://registry.npmjs.org/qs set size:350258 disposed:false
176 silly fetch manifest statuses@~2.0.2
177 silly packumentCache full:https://registry.npmjs.org/statuses cache-miss
178 http fetch GET 200 https://registry.npmjs.org/negotiator 353ms (cache miss)
179 silly packumentCache full:https://registry.npmjs.org/negotiator set size:undefined disposed:false
180 silly fetch manifest toidentifier@~1.0.1
181 silly packumentCache full:https://registry.npmjs.org/toidentifier cache-miss
182 http fetch GET 200 https://registry.npmjs.org/setprototypeof 305ms (cache miss)
183 silly packumentCache full:https://registry.npmjs.org/setprototypeof set size:undefined disposed:false
184 silly fetch manifest mime-db@^1.54.0
185 silly packumentCache full:https://registry.npmjs.org/mime-db cache-miss
186 http fetch GET 200 https://registry.npmjs.org/raw-body 380ms (cache miss)
187 silly packumentCache full:https://registry.npmjs.org/raw-body set size:undefined disposed:false
188 silly fetch manifest ee-first@1.1.1
189 silly packumentCache full:https://registry.npmjs.org/ee-first cache-miss
190 http fetch GET 200 https://registry.npmjs.org/bytes 457ms (cache miss)
191 silly packumentCache full:https://registry.npmjs.org/bytes set size:undefined disposed:false
192 silly fetch manifest wrappy@1
193 silly packumentCache full:https://registry.npmjs.org/wrappy cache-miss
194 http cache https://registry.npmjs.org/statuses 194ms (cache hit)
195 silly packumentCache full:https://registry.npmjs.org/statuses set size:37117 disposed:false
196 silly fetch manifest forwarded@0.2.0
197 silly packumentCache full:https://registry.npmjs.org/forwarded cache-miss
198 http fetch GET 200 https://registry.npmjs.org/inherits 466ms (cache revalidated)
199 silly packumentCache full:https://registry.npmjs.org/inherits set size:12925 disposed:false
200 silly fetch manifest ipaddr.js@1.9.1
201 silly packumentCache full:https://registry.npmjs.org/ipaddr.js cache-miss
202 http fetch GET 200 https://registry.npmjs.org/iconv-lite 564ms (cache updated)
203 silly packumentCache full:https://registry.npmjs.org/iconv-lite set size:undefined disposed:false
204 silly fetch manifest side-channel@^1.1.0
205 silly packumentCache full:https://registry.npmjs.org/side-channel cache-miss
206 http fetch GET 200 https://registry.npmjs.org/toidentifier 296ms (cache miss)
207 silly packumentCache full:https://registry.npmjs.org/toidentifier set size:undefined disposed:false
208 silly fetch manifest is-promise@^4.0.0
209 silly packumentCache full:https://registry.npmjs.org/is-promise cache-miss
210 http fetch GET 200 https://registry.npmjs.org/forwarded 197ms (cache miss)
211 silly packumentCache full:https://registry.npmjs.org/forwarded set size:undefined disposed:false
212 silly fetch manifest path-to-regexp@^8.0.0
213 silly packumentCache full:https://registry.npmjs.org/path-to-regexp cache-miss
214 http fetch GET 200 https://registry.npmjs.org/ee-first 264ms (cache miss)
215 silly packumentCache full:https://registry.npmjs.org/ee-first set size:undefined disposed:false
216 silly fetch manifest statuses@^2.0.2
217 silly packumentCache full:https://registry.npmjs.org/statuses cache-hit
218 silly fetch manifest media-typer@^1.1.0
219 silly packumentCache full:https://registry.npmjs.org/media-typer cache-miss
220 http fetch GET 200 https://registry.npmjs.org/ipaddr.js 269ms (cache miss)
221 silly packumentCache full:https://registry.npmjs.org/ipaddr.js set size:undefined disposed:false
222 http fetch GET 200 https://registry.npmjs.org/mime-db 462ms (cache revalidated)
223 silly packumentCache full:https://registry.npmjs.org/mime-db set size:164953 disposed:false
224 http fetch GET 200 https://registry.npmjs.org/wrappy 393ms (cache revalidated)
225 silly packumentCache full:https://registry.npmjs.org/wrappy set size:7682 disposed:false
226 http fetch GET 200 https://registry.npmjs.org/side-channel 283ms (cache miss)
227 silly packumentCache full:https://registry.npmjs.org/side-channel set size:undefined disposed:false
228 http fetch GET 200 https://registry.npmjs.org/media-typer 174ms (cache miss)
229 silly packumentCache full:https://registry.npmjs.org/media-typer set size:undefined disposed:false
230 http fetch GET 200 https://registry.npmjs.org/is-promise 250ms (cache miss)
231 silly packumentCache full:https://registry.npmjs.org/is-promise set size:undefined disposed:false
232 http fetch GET 200 https://registry.npmjs.org/path-to-regexp 379ms (cache miss)
233 silly packumentCache full:https://registry.npmjs.org/path-to-regexp set size:undefined disposed:false
234 silly placeDep ROOT negotiator@1.0.0 OK for: accepts@2.0.0 want: ^1.0.0
235 silly placeDep ROOT bytes@3.1.2 OK for: body-parser@2.2.2 want: ^3.1.2
236 silly placeDep ROOT iconv-lite@0.7.2 OK for: body-parser@2.2.2 want: ^0.7.0
237 silly placeDep ROOT raw-body@3.0.2 OK for: body-parser@2.2.2 want: ^3.0.1
238 silly fetch manifest safer-buffer@>= 2.1.2 < 3.0.0
239 silly packumentCache full:https://registry.npmjs.org/safer-buffer cache-miss
240 silly fetch manifest unpipe@~1.0.0
241 silly packumentCache full:https://registry.npmjs.org/unpipe cache-miss
242 http fetch GET 200 https://registry.npmjs.org/unpipe 113ms (cache miss)
243 silly packumentCache full:https://registry.npmjs.org/unpipe set size:undefined disposed:false
244 http fetch GET 200 https://registry.npmjs.org/safer-buffer 150ms (cache revalidated)
245 silly packumentCache full:https://registry.npmjs.org/safer-buffer set size:18521 disposed:false
246 silly placeDep ROOT inherits@2.0.4 OK for: http-errors@2.0.1 want: ~2.0.4
247 silly placeDep ROOT setprototypeof@1.2.0 OK for: http-errors@2.0.1 want: ~1.2.0
248 silly placeDep ROOT toidentifier@1.0.1 OK for: http-errors@2.0.1 want: ~1.0.1
249 silly placeDep ROOT safer-buffer@2.1.2 OK for: iconv-lite@0.7.2 want: >= 2.1.2 < 3.0.0
250 silly placeDep ROOT mime-db@1.54.0 OK for: mime-types@3.0.2 want: ^1.54.0
251 silly placeDep ROOT ee-first@1.1.1 OK for: on-finished@2.4.1 want: 1.1.1
252 silly placeDep ROOT wrappy@1.0.2 OK for: once@1.4.0 want: 1
253 silly placeDep ROOT forwarded@0.2.0 OK for: proxy-addr@2.0.7 want: 0.2.0
254 silly placeDep ROOT ipaddr.js@1.9.1 OK for: proxy-addr@2.0.7 want: 1.9.1
255 silly placeDep ROOT side-channel@1.1.0 OK for: qs@6.15.0 want: ^1.1.0
256 silly fetch manifest es-errors@^1.3.0
257 silly packumentCache full:https://registry.npmjs.org/es-errors cache-miss
258 silly fetch manifest object-inspect@^1.13.3
259 silly packumentCache full:https://registry.npmjs.org/object-inspect cache-miss
260 silly fetch manifest side-channel-list@^1.0.0
261 silly packumentCache full:https://registry.npmjs.org/side-channel-list cache-miss
262 silly fetch manifest side-channel-map@^1.0.1
263 silly packumentCache full:https://registry.npmjs.org/side-channel-map cache-miss
264 silly fetch manifest side-channel-weakmap@^1.0.2
265 silly packumentCache full:https://registry.npmjs.org/side-channel-weakmap cache-miss
266 http fetch GET 200 https://registry.npmjs.org/side-channel-weakmap 187ms (cache miss)
267 silly packumentCache full:https://registry.npmjs.org/side-channel-weakmap set size:undefined disposed:false
268 http fetch GET 200 https://registry.npmjs.org/side-channel-map 203ms (cache miss)
269 silly packumentCache full:https://registry.npmjs.org/side-channel-map set size:undefined disposed:false
270 http fetch GET 200 https://registry.npmjs.org/side-channel-list 215ms (cache miss)
271 silly packumentCache full:https://registry.npmjs.org/side-channel-list set size:undefined disposed:false
272 http fetch GET 200 https://registry.npmjs.org/es-errors 234ms (cache revalidated)
273 silly packumentCache full:https://registry.npmjs.org/es-errors set size:16918 disposed:false
274 http fetch GET 200 https://registry.npmjs.org/object-inspect 275ms (cache miss)
275 silly packumentCache full:https://registry.npmjs.org/object-inspect set size:undefined disposed:false
276 silly placeDep ROOT unpipe@1.0.0 OK for: raw-body@3.0.2 want: ~1.0.0
277 silly placeDep ROOT is-promise@4.0.0 OK for: router@2.2.0 want: ^4.0.0
278 silly placeDep ROOT path-to-regexp@8.3.0 OK for: router@2.2.0 want: ^8.0.0
279 silly placeDep ROOT es-errors@1.3.0 OK for: side-channel@1.1.0 want: ^1.3.0
280 silly placeDep ROOT object-inspect@1.13.4 OK for: side-channel@1.1.0 want: ^1.13.3
281 silly placeDep ROOT side-channel-list@1.0.0 OK for: side-channel@1.1.0 want: ^1.0.0
282 silly placeDep ROOT side-channel-map@1.0.1 OK for: side-channel@1.1.0 want: ^1.0.1
283 silly placeDep ROOT side-channel-weakmap@1.0.2 OK for: side-channel@1.1.0 want: ^1.0.2
284 silly fetch manifest call-bound@^1.0.2
285 silly packumentCache full:https://registry.npmjs.org/call-bound cache-miss
286 silly fetch manifest get-intrinsic@^1.2.5
287 silly packumentCache full:https://registry.npmjs.org/get-intrinsic cache-miss
288 silly fetch manifest call-bound@^1.0.2
289 silly packumentCache full:https://registry.npmjs.org/call-bound cache-miss
290 silly fetch manifest get-intrinsic@^1.2.5
291 silly packumentCache full:https://registry.npmjs.org/get-intrinsic cache-miss
292 http fetch GET 200 https://registry.npmjs.org/call-bound 95ms (cache miss)
293 silly packumentCache full:https://registry.npmjs.org/call-bound set size:undefined disposed:false
294 http fetch GET 200 https://registry.npmjs.org/get-intrinsic 139ms (cache revalidated)
295 silly packumentCache full:https://registry.npmjs.org/get-intrinsic set size:60985 disposed:false
296 http fetch GET 200 https://registry.npmjs.org/get-intrinsic 143ms (cache revalidated)
297 silly packumentCache full:https://registry.npmjs.org/get-intrinsic set size:60985 disposed:false
298 silly packumentCache full:https://registry.npmjs.org/get-intrinsic dispose
299 http fetch GET 200 https://registry.npmjs.org/call-bound 234ms (cache miss)
300 silly packumentCache full:https://registry.npmjs.org/call-bound set size:undefined disposed:false
301 silly placeDep ROOT call-bound@1.0.4 OK for: side-channel-map@1.0.1 want: ^1.0.2
302 silly placeDep ROOT get-intrinsic@1.3.0 OK for: side-channel-map@1.0.1 want: ^1.2.5
303 silly fetch manifest call-bind-apply-helpers@^1.0.2
304 silly packumentCache full:https://registry.npmjs.org/call-bind-apply-helpers cache-miss
305 silly fetch manifest get-intrinsic@^1.3.0
306 silly packumentCache full:https://registry.npmjs.org/get-intrinsic cache-hit
307 silly fetch manifest gopd@^1.2.0
308 silly packumentCache full:https://registry.npmjs.org/gopd cache-miss
309 silly fetch manifest hasown@^2.0.2
310 silly packumentCache full:https://registry.npmjs.org/hasown cache-miss
311 silly fetch manifest get-proto@^1.0.1
312 silly packumentCache full:https://registry.npmjs.org/get-proto cache-miss
313 silly fetch manifest has-symbols@^1.1.0
314 silly packumentCache full:https://registry.npmjs.org/has-symbols cache-miss
315 silly fetch manifest function-bind@^1.1.2
316 silly packumentCache full:https://registry.npmjs.org/function-bind cache-miss
317 silly fetch manifest es-object-atoms@^1.1.1
318 silly packumentCache full:https://registry.npmjs.org/es-object-atoms cache-miss
319 http fetch GET 200 https://registry.npmjs.org/has-symbols 243ms (cache revalidated)
320 silly packumentCache full:https://registry.npmjs.org/has-symbols set size:21550 disposed:false
321 silly fetch manifest math-intrinsics@^1.1.0
322 silly packumentCache full:https://registry.npmjs.org/math-intrinsics cache-miss
323 http fetch GET 200 https://registry.npmjs.org/call-bind-apply-helpers 299ms (cache revalidated)
324 silly packumentCache full:https://registry.npmjs.org/call-bind-apply-helpers set size:12744 disposed:false
325 silly fetch manifest es-define-property@^1.0.1
326 silly packumentCache full:https://registry.npmjs.org/es-define-property cache-miss
327 http fetch GET 200 https://registry.npmjs.org/gopd 311ms (cache revalidated)
328 silly packumentCache full:https://registry.npmjs.org/gopd set size:11458 disposed:false
329 http fetch GET 200 https://registry.npmjs.org/hasown 319ms (cache revalidated)
330 silly packumentCache full:https://registry.npmjs.org/hasown set size:12476 disposed:false
331 http fetch GET 200 https://registry.npmjs.org/get-proto 325ms (cache revalidated)
332 silly packumentCache full:https://registry.npmjs.org/get-proto set size:8300 disposed:false
333 http fetch GET 200 https://registry.npmjs.org/function-bind 572ms (cache revalidated)
334 silly packumentCache full:https://registry.npmjs.org/function-bind set size:15733 disposed:false
335 http fetch GET 200 https://registry.npmjs.org/es-define-property 304ms (cache revalidated)
336 silly packumentCache full:https://registry.npmjs.org/es-define-property set size:8542 disposed:false
337 http fetch GET 200 https://registry.npmjs.org/es-object-atoms 579ms (cache revalidated)
338 silly packumentCache full:https://registry.npmjs.org/es-object-atoms set size:15304 disposed:false
339 http fetch GET 200 https://registry.npmjs.org/math-intrinsics 380ms (cache revalidated)
340 silly packumentCache full:https://registry.npmjs.org/math-intrinsics set size:9265 disposed:false
341 silly placeDep ROOT call-bind-apply-helpers@1.0.2 OK for: call-bound@1.0.4 want: ^1.0.2
342 silly placeDep ROOT function-bind@1.1.2 OK for: call-bind-apply-helpers@1.0.2 want: ^1.1.2
343 silly placeDep ROOT es-define-property@1.0.1 OK for: get-intrinsic@1.3.0 want: ^1.0.1
344 silly placeDep ROOT es-object-atoms@1.1.1 OK for: get-intrinsic@1.3.0 want: ^1.1.1
345 silly placeDep ROOT get-proto@1.0.1 OK for: get-intrinsic@1.3.0 want: ^1.0.1
346 silly placeDep ROOT gopd@1.2.0 OK for: get-intrinsic@1.3.0 want: ^1.2.0
347 silly placeDep ROOT has-symbols@1.1.0 OK for: get-intrinsic@1.3.0 want: ^1.1.0
348 silly placeDep ROOT hasown@2.0.2 OK for: get-intrinsic@1.3.0 want: ^2.0.2
349 silly placeDep ROOT math-intrinsics@1.1.0 OK for: get-intrinsic@1.3.0 want: ^1.1.0
350 silly fetch manifest dunder-proto@^1.0.1
351 silly packumentCache full:https://registry.npmjs.org/dunder-proto cache-miss
352 http fetch GET 200 https://registry.npmjs.org/dunder-proto 237ms (cache revalidated)
353 silly packumentCache full:https://registry.npmjs.org/dunder-proto set size:8256 disposed:false
354 silly placeDep ROOT dunder-proto@1.0.1 OK for: get-proto@1.0.1 want: ^1.0.1
355 silly placeDep ROOT media-typer@1.1.0 OK for: type-is@2.0.1 want: ^1.1.0
356 silly reify moves {}
357 silly audit bulk request {
357 silly audit   '@discordjs/builders': [ '1.13.1' ],
357 silly audit   '@discordjs/collection': [ '2.1.1' ],
357 silly audit   '@discordjs/formatters': [ '0.6.2' ],
357 silly audit   '@discordjs/util': [ '1.2.0' ],
357 silly audit   '@minhducsun2002/leb128': [ '1.0.0' ],
357 silly audit   '@otplib/core': [ '12.0.1' ],
357 silly audit   '@otplib/plugin-crypto': [ '12.0.1' ],
357 silly audit   '@otplib/plugin-thirty-two': [ '12.0.1' ],
357 silly audit   '@otplib/preset-default': [ '12.0.1' ],
357 silly audit   '@otplib/preset-v11': [ '12.0.1' ],
357 silly audit   '@sapphire/async-queue': [ '1.5.5' ],
357 silly audit   '@sapphire/shapeshift': [ '4.0.0' ],
357 silly audit   '@shinyoshiaki/jspack': [ '0.0.6' ],
357 silly audit   'aes-js': [ '3.1.2' ],
357 silly audit   'ansi-regex': [ '5.0.1' ],
357 silly audit   'ansi-styles': [ '4.3.0' ],
357 silly audit   'base64-js': [ '1.5.1' ],
357 silly audit   buffer: [ '6.0.3' ],
357 silly audit   camelcase: [ '5.3.1' ],
357 silly audit   chalk: [ '4.1.2' ],
357 silly audit   cliui: [ '6.0.0' ],
357 silly audit   'color-convert': [ '2.0.1' ],
357 silly audit   'color-name': [ '1.1.4' ],
357 silly audit   commander: [ '12.1.0' ],
357 silly audit   debug: [ '4.4.3' ],
357 silly audit   decamelize: [ '1.2.0' ],
357 silly audit   dijkstrajs: [ '1.0.3' ],
357 silly audit   'discord-api-types': [ '0.38.40' ],
357 silly audit   'emoji-regex': [ '8.0.0' ],
357 silly audit   'fast-deep-equal': [ '3.1.3' ],
357 silly audit   'fetch-cookie': [ '3.2.0' ],
357 silly audit   tldts: [ '7.0.23', '6.1.86' ],
357 silly audit   'tldts-core': [ '7.0.23', '6.1.86' ],
357 silly audit   'tough-cookie': [ '6.0.0', '5.1.2' ],
357 silly audit   'find-process': [ '2.1.0' ],
357 silly audit   'find-up': [ '4.1.0' ],
357 silly audit   'get-caller-file': [ '2.0.5' ],
357 silly audit   'has-flag': [ '4.0.0' ],
357 silly audit   ieee754: [ '1.2.1' ],
357 silly audit   'is-fullwidth-code-point': [ '3.0.0' ],
357 silly audit   'locate-path': [ '5.0.0' ],
357 silly audit   lodash: [ '4.17.23' ],
357 silly audit   'lodash-es': [ '4.17.23' ],
357 silly audit   loglevel: [ '1.9.2' ],
357 silly audit   'markov-strings': [ '3.0.2' ],
357 silly audit   mp4box: [ '0.5.4' ],
357 silly audit   ms: [ '2.1.3' ],
357 silly audit   otplib: [ '12.0.1' ],
357 silly audit   'p-limit': [ '2.3.0' ],
357 silly audit   'p-locate': [ '4.1.0' ],
357 silly audit   'p-try': [ '2.2.0' ],
357 silly audit   'path-exists': [ '4.0.0' ],
357 silly audit   pngjs: [ '5.0.0' ],
357 silly audit   'prism-media': [ '1.3.5' ],
357 silly audit   qrcode: [ '1.5.4' ],
357 silly audit   'require-directory': [ '2.1.1' ],
357 silly audit   'require-main-filename': [ '2.0.0' ],
357 silly audit   'set-blocking': [ '2.0.0' ],
357 silly audit   'set-cookie-parser': [ '2.7.2' ],
357 silly audit   'string-width': [ '4.2.3' ],
357 silly audit   'strip-ansi': [ '6.0.1' ],
357 silly audit   'supports-color': [ '7.2.0' ],
357 silly audit   'thirty-two': [ '1.0.2' ],
357 silly audit   'tree-kill': [ '1.2.2' ],
357 silly audit   'ts-mixer': [ '6.0.4' ],
357 silly audit   tslib: [ '2.8.1' ],
357 silly audit   undici: [ '7.22.0' ],
357 silly audit   'werift-rtp': [ '0.8.8' ],
357 silly audit   'which-module': [ '2.0.1' ],
357 silly audit   'wrap-ansi': [ '6.2.0' ],
357 silly audit   ws: [ '8.19.0' ],
357 silly audit   y18n: [ '4.0.3' ],
357 silly audit   yargs: [ '15.4.1' ],
357 silly audit   'yargs-parser': [ '18.1.3' ],
357 silly audit   'discord.js-selfbot-v13': [ '3.7.1' ],
357 silly audit   express: [ '5.2.1' ],
357 silly audit   accepts: [ '2.0.0' ],
357 silly audit   'body-parser': [ '2.2.2' ],
357 silly audit   'content-disposition': [ '1.0.1' ],
357 silly audit   'content-type': [ '1.0.5' ],
357 silly audit   cookie: [ '0.7.2' ],
357 silly audit   'cookie-signature': [ '1.2.2' ],
357 silly audit   depd: [ '2.0.0' ],
357 silly audit   encodeurl: [ '2.0.0' ],
357 silly audit   'escape-html': [ '1.0.3' ],
357 silly audit   etag: [ '1.8.1' ],
357 silly audit   finalhandler: [ '2.1.1' ],
357 silly audit   fresh: [ '2.0.0' ],
357 silly audit   'http-errors': [ '2.0.1' ],
357 silly audit   'merge-descriptors': [ '2.0.0' ],
357 silly audit   'mime-types': [ '3.0.2' ],
357 silly audit   'on-finished': [ '2.4.1' ],
357 silly audit   once: [ '1.4.0' ],
357 silly audit   parseurl: [ '1.3.3' ],
357 silly audit   'proxy-addr': [ '2.0.7' ],
357 silly audit   qs: [ '6.15.0' ],
357 silly audit   'range-parser': [ '1.2.1' ],
357 silly audit   router: [ '2.2.0' ],
357 silly audit   send: [ '1.2.1' ],
357 silly audit   'serve-static': [ '2.2.1' ],
357 silly audit   statuses: [ '2.0.2' ],
357 silly audit   'type-is': [ '2.0.1' ],
357 silly audit   vary: [ '1.1.2' ],
357 silly audit   negotiator: [ '1.0.0' ],
357 silly audit   bytes: [ '3.1.2' ],
357 silly audit   'iconv-lite': [ '0.7.2' ],
357 silly audit   'raw-body': [ '3.0.2' ],
357 silly audit   inherits: [ '2.0.4' ],
357 silly audit   setprototypeof: [ '1.2.0' ],
357 silly audit   toidentifier: [ '1.0.1' ],
357 silly audit   'safer-buffer': [ '2.1.2' ],
357 silly audit   'mime-db': [ '1.54.0' ],
357 silly audit   'ee-first': [ '1.1.1' ],
357 silly audit   wrappy: [ '1.0.2' ],
357 silly audit   forwarded: [ '0.2.0' ],
357 silly audit   'ipaddr.js': [ '1.9.1' ],
357 silly audit   'side-channel': [ '1.1.0' ],
357 silly audit   unpipe: [ '1.0.0' ],
357 silly audit   'is-promise': [ '4.0.0' ],
357 silly audit   'path-to-regexp': [ '8.3.0' ],
357 silly audit   'es-errors': [ '1.3.0' ],
357 silly audit   'object-inspect': [ '1.13.4' ],
357 silly audit   'side-channel-list': [ '1.0.0' ],
357 silly audit   'side-channel-map': [ '1.0.1' ],
357 silly audit   'side-channel-weakmap': [ '1.0.2' ],
357 silly audit   'call-bound': [ '1.0.4' ],
357 silly audit   'get-intrinsic': [ '1.3.0' ],
357 silly audit   'call-bind-apply-helpers': [ '1.0.2' ],
357 silly audit   'function-bind': [ '1.1.2' ],
357 silly audit   'es-define-property': [ '1.0.1' ],
357 silly audit   'es-object-atoms': [ '1.1.1' ],
357 silly audit   'get-proto': [ '1.0.1' ],
357 silly audit   gopd: [ '1.2.0' ],
357 silly audit   'has-symbols': [ '1.1.0' ],
357 silly audit   hasown: [ '2.0.2' ],
357 silly audit   'math-intrinsics': [ '1.1.0' ],
357 silly audit   'dunder-proto': [ '1.0.1' ],
357 silly audit   'media-typer': [ '1.1.0' ]
357 silly audit }
358 http cache media-typer@https://registry.npmjs.org/media-typer/-/media-typer-1.1.0.tgz 0ms (cache hit)
359 http cache dunder-proto@https://registry.npmjs.org/dunder-proto/-/dunder-proto-1.0.1.tgz 0ms (cache hit)
360 http cache math-intrinsics@https://registry.npmjs.org/math-intrinsics/-/math-intrinsics-1.1.0.tgz 1ms (cache hit)
361 http cache hasown@https://registry.npmjs.org/hasown/-/hasown-2.0.2.tgz 0ms (cache hit)
362 http cache has-symbols@https://registry.npmjs.org/has-symbols/-/has-symbols-1.1.0.tgz 0ms (cache hit)
363 http cache gopd@https://registry.npmjs.org/gopd/-/gopd-1.2.0.tgz 0ms (cache hit)
364 http cache es-object-atoms@https://registry.npmjs.org/es-object-atoms/-/es-object-atoms-1.1.1.tgz 1ms (cache hit)
365 http cache get-proto@https://registry.npmjs.org/get-proto/-/get-proto-1.0.1.tgz 0ms (cache hit)
366 http cache function-bind@https://registry.npmjs.org/function-bind/-/function-bind-1.1.2.tgz 0ms (cache hit)
367 http cache call-bind-apply-helpers@https://registry.npmjs.org/call-bind-apply-helpers/-/call-bind-apply-helpers-1.0.2.tgz 0ms (cache hit)
368 http cache get-intrinsic@https://registry.npmjs.org/get-intrinsic/-/get-intrinsic-1.3.0.tgz 0ms (cache hit)
369 http cache es-define-property@https://registry.npmjs.org/es-define-property/-/es-define-property-1.0.1.tgz 0ms (cache hit)
370 http cache call-bound@https://registry.npmjs.org/call-bound/-/call-bound-1.0.4.tgz 0ms (cache hit)
371 http cache side-channel-weakmap@https://registry.npmjs.org/side-channel-weakmap/-/side-channel-weakmap-1.0.2.tgz 1ms (cache hit)
372 http cache side-channel-map@https://registry.npmjs.org/side-channel-map/-/side-channel-map-1.0.1.tgz 1ms (cache hit)
373 http cache side-channel-list@https://registry.npmjs.org/side-channel-list/-/side-channel-list-1.0.0.tgz 0ms (cache hit)
374 http cache object-inspect@https://registry.npmjs.org/object-inspect/-/object-inspect-1.13.4.tgz 0ms (cache hit)
375 http cache es-errors@https://registry.npmjs.org/es-errors/-/es-errors-1.3.0.tgz 1ms (cache hit)
376 http cache path-to-regexp@https://registry.npmjs.org/path-to-regexp/-/path-to-regexp-8.3.0.tgz 0ms (cache hit)
377 http cache is-promise@https://registry.npmjs.org/is-promise/-/is-promise-4.0.0.tgz 0ms (cache hit)
378 http cache unpipe@https://registry.npmjs.org/unpipe/-/unpipe-1.0.0.tgz 0ms (cache hit)
379 http cache side-channel@https://registry.npmjs.org/side-channel/-/side-channel-1.1.0.tgz 0ms (cache hit)
380 http cache ipaddr.js@https://registry.npmjs.org/ipaddr.js/-/ipaddr.js-1.9.1.tgz 0ms (cache hit)
381 http cache forwarded@https://registry.npmjs.org/forwarded/-/forwarded-0.2.0.tgz 0ms (cache hit)
382 http cache wrappy@https://registry.npmjs.org/wrappy/-/wrappy-1.0.2.tgz 0ms (cache hit)
383 http cache ee-first@https://registry.npmjs.org/ee-first/-/ee-first-1.1.1.tgz 0ms (cache hit)
384 http cache mime-db@https://registry.npmjs.org/mime-db/-/mime-db-1.54.0.tgz 1ms (cache hit)
385 http cache safer-buffer@https://registry.npmjs.org/safer-buffer/-/safer-buffer-2.1.2.tgz 0ms (cache hit)
386 http cache toidentifier@https://registry.npmjs.org/toidentifier/-/toidentifier-1.0.1.tgz 1ms (cache hit)
387 http cache setprototypeof@https://registry.npmjs.org/setprototypeof/-/setprototypeof-1.2.0.tgz 0ms (cache hit)
388 http cache inherits@https://registry.npmjs.org/inherits/-/inherits-2.0.4.tgz 0ms (cache hit)
389 http cache iconv-lite@https://registry.npmjs.org/iconv-lite/-/iconv-lite-0.7.2.tgz 0ms (cache hit)
390 http cache raw-body@https://registry.npmjs.org/raw-body/-/raw-body-3.0.2.tgz 0ms (cache hit)
391 http cache negotiator@https://registry.npmjs.org/negotiator/-/negotiator-1.0.0.tgz 0ms (cache hit)
392 http cache bytes@https://registry.npmjs.org/bytes/-/bytes-3.1.2.tgz 0ms (cache hit)
393 http cache vary@https://registry.npmjs.org/vary/-/vary-1.1.2.tgz 0ms (cache hit)
394 http cache type-is@https://registry.npmjs.org/type-is/-/type-is-2.0.1.tgz 0ms (cache hit)
395 http cache statuses@https://registry.npmjs.org/statuses/-/statuses-2.0.2.tgz 0ms (cache hit)
396 http cache serve-static@https://registry.npmjs.org/serve-static/-/serve-static-2.2.1.tgz 0ms (cache hit)
397 http cache router@https://registry.npmjs.org/router/-/router-2.2.0.tgz 0ms (cache hit)
398 http cache send@https://registry.npmjs.org/send/-/send-1.2.1.tgz 0ms (cache hit)
399 http cache range-parser@https://registry.npmjs.org/range-parser/-/range-parser-1.2.1.tgz 0ms (cache hit)
400 http cache qs@https://registry.npmjs.org/qs/-/qs-6.15.0.tgz 0ms (cache hit)
401 http cache parseurl@https://registry.npmjs.org/parseurl/-/parseurl-1.3.3.tgz 0ms (cache hit)
402 http cache once@https://registry.npmjs.org/once/-/once-1.4.0.tgz 0ms (cache hit)
403 http cache on-finished@https://registry.npmjs.org/on-finished/-/on-finished-2.4.1.tgz 0ms (cache hit)
404 http cache mime-types@https://registry.npmjs.org/mime-types/-/mime-types-3.0.2.tgz 0ms (cache hit)
405 http cache merge-descriptors@https://registry.npmjs.org/merge-descriptors/-/merge-descriptors-2.0.0.tgz 0ms (cache hit)
406 http cache http-errors@https://registry.npmjs.org/http-errors/-/http-errors-2.0.1.tgz 1ms (cache hit)
407 http cache fresh@https://registry.npmjs.org/fresh/-/fresh-2.0.0.tgz 0ms (cache hit)
408 http cache finalhandler@https://registry.npmjs.org/finalhandler/-/finalhandler-2.1.1.tgz 1ms (cache hit)
409 http cache etag@https://registry.npmjs.org/etag/-/etag-1.8.1.tgz 0ms (cache hit)
410 http cache escape-html@https://registry.npmjs.org/escape-html/-/escape-html-1.0.3.tgz 0ms (cache hit)
411 http cache encodeurl@https://registry.npmjs.org/encodeurl/-/encodeurl-2.0.0.tgz 0ms (cache hit)
412 http cache depd@https://registry.npmjs.org/depd/-/depd-2.0.0.tgz 0ms (cache hit)
413 http cache cookie-signature@https://registry.npmjs.org/cookie-signature/-/cookie-signature-1.2.2.tgz 0ms (cache hit)
414 http cache cookie@https://registry.npmjs.org/cookie/-/cookie-0.7.2.tgz 1ms (cache hit)
415 http cache content-type@https://registry.npmjs.org/content-type/-/content-type-1.0.5.tgz 0ms (cache hit)
416 http cache content-disposition@https://registry.npmjs.org/content-disposition/-/content-disposition-1.0.1.tgz 0ms (cache hit)
417 http cache body-parser@https://registry.npmjs.org/body-parser/-/body-parser-2.2.2.tgz 0ms (cache hit)
418 http cache express@https://registry.npmjs.org/express/-/express-5.2.1.tgz 0ms (cache hit)
419 http cache proxy-addr@https://registry.npmjs.org/proxy-addr/-/proxy-addr-2.0.7.tgz 0ms (cache hit)
420 http cache accepts@https://registry.npmjs.org/accepts/-/accepts-2.0.0.tgz 0ms (cache hit)
421 silly tarball no local data for media-typer@https://registry.npmjs.org/media-typer/-/media-typer-1.1.0.tgz. Extracting by manifest.
422 silly tarball no local data for call-bound@https://registry.npmjs.org/call-bound/-/call-bound-1.0.4.tgz. Extracting by manifest.
423 silly tarball no local data for side-channel-list@https://registry.npmjs.org/side-channel-list/-/side-channel-list-1.0.0.tgz. Extracting by manifest.
424 silly tarball no local data for side-channel-weakmap@https://registry.npmjs.org/side-channel-weakmap/-/side-channel-weakmap-1.0.2.tgz. Extracting by manifest.
425 silly tarball no local data for side-channel-map@https://registry.npmjs.org/side-channel-map/-/side-channel-map-1.0.1.tgz. Extracting by manifest.
426 silly tarball no local data for object-inspect@https://registry.npmjs.org/object-inspect/-/object-inspect-1.13.4.tgz. Extracting by manifest.
427 silly tarball no local data for path-to-regexp@https://registry.npmjs.org/path-to-regexp/-/path-to-regexp-8.3.0.tgz. Extracting by manifest.
428 silly tarball no local data for unpipe@https://registry.npmjs.org/unpipe/-/unpipe-1.0.0.tgz. Extracting by manifest.
429 silly tarball no local data for side-channel@https://registry.npmjs.org/side-channel/-/side-channel-1.1.0.tgz. Extracting by manifest.
430 silly tarball no local data for ipaddr.js@https://registry.npmjs.org/ipaddr.js/-/ipaddr.js-1.9.1.tgz. Extracting by manifest.
431 silly tarball no local data for is-promise@https://registry.npmjs.org/is-promise/-/is-promise-4.0.0.tgz. Extracting by manifest.
432 silly tarball no local data for ee-first@https://registry.npmjs.org/ee-first/-/ee-first-1.1.1.tgz. Extracting by manifest.
433 silly tarball no local data for forwarded@https://registry.npmjs.org/forwarded/-/forwarded-0.2.0.tgz. Extracting by manifest.
434 silly tarball no local data for mime-db@https://registry.npmjs.org/mime-db/-/mime-db-1.54.0.tgz. Extracting by manifest.
435 silly tarball no local data for setprototypeof@https://registry.npmjs.org/setprototypeof/-/setprototypeof-1.2.0.tgz. Extracting by manifest.
436 silly tarball no local data for toidentifier@https://registry.npmjs.org/toidentifier/-/toidentifier-1.0.1.tgz. Extracting by manifest.
437 silly tarball no local data for raw-body@https://registry.npmjs.org/raw-body/-/raw-body-3.0.2.tgz. Extracting by manifest.
438 silly tarball no local data for iconv-lite@https://registry.npmjs.org/iconv-lite/-/iconv-lite-0.7.2.tgz. Extracting by manifest.
439 silly tarball no local data for negotiator@https://registry.npmjs.org/negotiator/-/negotiator-1.0.0.tgz. Extracting by manifest.
440 silly tarball no local data for bytes@https://registry.npmjs.org/bytes/-/bytes-3.1.2.tgz. Extracting by manifest.
441 silly tarball no local data for vary@https://registry.npmjs.org/vary/-/vary-1.1.2.tgz. Extracting by manifest.
442 silly tarball no local data for type-is@https://registry.npmjs.org/type-is/-/type-is-2.0.1.tgz. Extracting by manifest.
443 silly tarball no local data for statuses@https://registry.npmjs.org/statuses/-/statuses-2.0.2.tgz. Extracting by manifest.
444 silly tarball no local data for send@https://registry.npmjs.org/send/-/send-1.2.1.tgz. Extracting by manifest.
445 silly tarball no local data for router@https://registry.npmjs.org/router/-/router-2.2.0.tgz. Extracting by manifest.
446 silly tarball no local data for serve-static@https://registry.npmjs.org/serve-static/-/serve-static-2.2.1.tgz. Extracting by manifest.
447 silly tarball no local data for qs@https://registry.npmjs.org/qs/-/qs-6.15.0.tgz. Extracting by manifest.
448 silly tarball no local data for range-parser@https://registry.npmjs.org/range-parser/-/range-parser-1.2.1.tgz. Extracting by manifest.
449 silly tarball no local data for parseurl@https://registry.npmjs.org/parseurl/-/parseurl-1.3.3.tgz. Extracting by manifest.
450 silly tarball no local data for on-finished@https://registry.npmjs.org/on-finished/-/on-finished-2.4.1.tgz. Extracting by manifest.
451 silly tarball no local data for merge-descriptors@https://registry.npmjs.org/merge-descriptors/-/merge-descriptors-2.0.0.tgz. Extracting by manifest.
452 silly tarball no local data for http-errors@https://registry.npmjs.org/http-errors/-/http-errors-2.0.1.tgz. Extracting by manifest.
453 silly tarball no local data for mime-types@https://registry.npmjs.org/mime-types/-/mime-types-3.0.2.tgz. Extracting by manifest.
454 silly tarball no local data for fresh@https://registry.npmjs.org/fresh/-/fresh-2.0.0.tgz. Extracting by manifest.
455 silly tarball no local data for encodeurl@https://registry.npmjs.org/encodeurl/-/encodeurl-2.0.0.tgz. Extracting by manifest.
456 silly tarball no local data for finalhandler@https://registry.npmjs.org/finalhandler/-/finalhandler-2.1.1.tgz. Extracting by manifest.
457 silly tarball no local data for escape-html@https://registry.npmjs.org/escape-html/-/escape-html-1.0.3.tgz. Extracting by manifest.
458 silly tarball no local data for etag@https://registry.npmjs.org/etag/-/etag-1.8.1.tgz. Extracting by manifest.
459 silly tarball no local data for cookie-signature@https://registry.npmjs.org/cookie-signature/-/cookie-signature-1.2.2.tgz. Extracting by manifest.
460 silly tarball no local data for cookie@https://registry.npmjs.org/cookie/-/cookie-0.7.2.tgz. Extracting by manifest.
461 silly tarball no local data for depd@https://registry.npmjs.org/depd/-/depd-2.0.0.tgz. Extracting by manifest.
462 silly tarball no local data for content-type@https://registry.npmjs.org/content-type/-/content-type-1.0.5.tgz. Extracting by manifest.
463 silly tarball no local data for content-disposition@https://registry.npmjs.org/content-disposition/-/content-disposition-1.0.1.tgz. Extracting by manifest.
464 silly tarball no local data for body-parser@https://registry.npmjs.org/body-parser/-/body-parser-2.2.2.tgz. Extracting by manifest.
465 silly tarball no local data for accepts@https://registry.npmjs.org/accepts/-/accepts-2.0.0.tgz. Extracting by manifest.
466 silly tarball no local data for express@https://registry.npmjs.org/express/-/express-5.2.1.tgz. Extracting by manifest.
467 silly tarball no local data for proxy-addr@https://registry.npmjs.org/proxy-addr/-/proxy-addr-2.0.7.tgz. Extracting by manifest.
468 http fetch POST 200 https://registry.npmjs.org/-/npm/v1/security/advisories/bulk 2318ms
469 silly audit report {}
470 http fetch GET 200 https://registry.npmjs.org/media-typer/-/media-typer-1.1.0.tgz 4190ms (cache miss)
471 http fetch GET 200 https://registry.npmjs.org/side-channel-map/-/side-channel-map-1.0.1.tgz 4209ms (cache miss)
472 http fetch GET 200 https://registry.npmjs.org/toidentifier/-/toidentifier-1.0.1.tgz 4052ms (cache miss)
473 http fetch GET 200 https://registry.npmjs.org/call-bound/-/call-bound-1.0.4.tgz 4254ms (cache miss)
474 http fetch GET 200 https://registry.npmjs.org/side-channel-weakmap/-/side-channel-weakmap-1.0.2.tgz 4275ms (cache miss)
475 http fetch GET 200 https://registry.npmjs.org/statuses/-/statuses-2.0.2.tgz 4067ms (cache miss)
476 http fetch GET 200 https://registry.npmjs.org/vary/-/vary-1.1.2.tgz 4090ms (cache miss)
477 http fetch GET 200 https://registry.npmjs.org/side-channel-list/-/side-channel-list-1.0.0.tgz 4395ms (cache miss)
478 http fetch GET 200 https://registry.npmjs.org/bytes/-/bytes-3.1.2.tgz 4190ms (cache miss)
479 http fetch GET 200 https://registry.npmjs.org/range-parser/-/range-parser-1.2.1.tgz 4115ms (cache miss)
480 http fetch GET 200 https://registry.npmjs.org/serve-static/-/serve-static-2.2.1.tgz 4138ms (cache miss)
481 http fetch GET 200 https://registry.npmjs.org/on-finished/-/on-finished-2.4.1.tgz 4112ms (cache miss)
482 http fetch GET 200 https://registry.npmjs.org/type-is/-/type-is-2.0.1.tgz 4273ms (cache miss)
483 http fetch GET 200 https://registry.npmjs.org/send/-/send-1.2.1.tgz 4262ms (cache miss)
484 http fetch GET 200 https://registry.npmjs.org/parseurl/-/parseurl-1.3.3.tgz 4209ms (cache miss)
485 http fetch GET 200 https://registry.npmjs.org/merge-descriptors/-/merge-descriptors-2.0.0.tgz 4184ms (cache miss)
486 http fetch GET 200 https://registry.npmjs.org/http-errors/-/http-errors-2.0.1.tgz 4161ms (cache miss)
487 http fetch GET 200 https://registry.npmjs.org/mime-types/-/mime-types-3.0.2.tgz 4151ms (cache miss)
488 http fetch GET 200 https://registry.npmjs.org/cookie/-/cookie-0.7.2.tgz 4130ms (cache miss)
489 http fetch GET 200 https://registry.npmjs.org/fresh/-/fresh-2.0.0.tgz 4202ms (cache miss)
490 http fetch GET 200 https://registry.npmjs.org/etag/-/etag-1.8.1.tgz 4179ms (cache miss)
491 http fetch GET 200 https://registry.npmjs.org/encodeurl/-/encodeurl-2.0.0.tgz 4250ms (cache miss)
492 http fetch GET 200 https://registry.npmjs.org/cookie-signature/-/cookie-signature-1.2.2.tgz 4216ms (cache miss)
493 http fetch GET 200 https://registry.npmjs.org/unpipe/-/unpipe-1.0.0.tgz 4642ms (cache miss)
494 http fetch GET 200 https://registry.npmjs.org/content-disposition/-/content-disposition-1.0.1.tgz 4205ms (cache miss)
495 http fetch GET 200 https://registry.npmjs.org/escape-html/-/escape-html-1.0.3.tgz 4283ms (cache miss)
496 http fetch GET 200 https://registry.npmjs.org/is-promise/-/is-promise-4.0.0.tgz 4588ms (cache miss)
497 http fetch GET 200 https://registry.npmjs.org/body-parser/-/body-parser-2.2.2.tgz 4228ms (cache miss)
498 http fetch GET 200 https://registry.npmjs.org/content-type/-/content-type-1.0.5.tgz 4249ms (cache miss)
499 http fetch GET 200 https://registry.npmjs.org/raw-body/-/raw-body-3.0.2.tgz 4584ms (cache miss)
500 http fetch GET 200 https://registry.npmjs.org/negotiator/-/negotiator-1.0.0.tgz 4573ms (cache miss)
501 http fetch GET 200 https://registry.npmjs.org/forwarded/-/forwarded-0.2.0.tgz 4622ms (cache miss)
502 http fetch GET 200 https://registry.npmjs.org/setprototypeof/-/setprototypeof-1.2.0.tgz 4612ms (cache miss)
503 http fetch GET 200 https://registry.npmjs.org/ee-first/-/ee-first-1.1.1.tgz 4641ms (cache miss)
504 http fetch GET 200 https://registry.npmjs.org/accepts/-/accepts-2.0.0.tgz 4293ms (cache miss)
505 http fetch GET 200 https://registry.npmjs.org/depd/-/depd-2.0.0.tgz 4358ms (cache miss)
506 http fetch GET 200 https://registry.npmjs.org/proxy-addr/-/proxy-addr-2.0.7.tgz 4330ms (cache miss)
507 http fetch GET 200 https://registry.npmjs.org/finalhandler/-/finalhandler-2.1.1.tgz 4492ms (cache miss)
508 http fetch GET 200 https://registry.npmjs.org/router/-/router-2.2.0.tgz 4720ms (cache miss)
509 http fetch GET 200 https://registry.npmjs.org/side-channel/-/side-channel-1.1.0.tgz 5042ms (cache miss)
510 http fetch GET 200 https://registry.npmjs.org/ipaddr.js/-/ipaddr.js-1.9.1.tgz 5089ms (cache miss)
511 http fetch GET 200 https://registry.npmjs.org/path-to-regexp/-/path-to-regexp-8.3.0.tgz 5142ms (cache miss)
512 http fetch GET 200 https://registry.npmjs.org/mime-db/-/mime-db-1.54.0.tgz 5168ms (cache miss)
513 http fetch GET 200 https://registry.npmjs.org/express/-/express-5.2.1.tgz 5003ms (cache miss)
514 http fetch GET 200 https://registry.npmjs.org/qs/-/qs-6.15.0.tgz 5288ms (cache miss)
515 http fetch GET 200 https://registry.npmjs.org/object-inspect/-/object-inspect-1.13.4.tgz 5685ms (cache miss)
516 http fetch GET 200 https://registry.npmjs.org/iconv-lite/-/iconv-lite-0.7.2.tgz 5655ms (cache miss)
517 silly ADD node_modules/media-typer
518 silly ADD node_modules/dunder-proto
519 silly ADD node_modules/math-intrinsics
520 silly ADD node_modules/hasown
521 silly ADD node_modules/has-symbols
522 silly ADD node_modules/gopd
523 silly ADD node_modules/get-proto
524 silly ADD node_modules/es-object-atoms
525 silly ADD node_modules/es-define-property
526 silly ADD node_modules/function-bind
527 silly ADD node_modules/call-bind-apply-helpers
528 silly ADD node_modules/get-intrinsic
529 silly ADD node_modules/call-bound
530 silly ADD node_modules/side-channel-weakmap
531 silly ADD node_modules/side-channel-map
532 silly ADD node_modules/side-channel-list
533 silly ADD node_modules/object-inspect
534 silly ADD node_modules/es-errors
535 silly ADD node_modules/path-to-regexp
536 silly ADD node_modules/is-promise
537 silly ADD node_modules/unpipe
538 silly ADD node_modules/side-channel
539 silly ADD node_modules/ipaddr.js
540 silly ADD node_modules/forwarded
541 silly ADD node_modules/wrappy
542 silly ADD node_modules/ee-first
543 silly ADD node_modules/mime-db
544 silly ADD node_modules/safer-buffer
545 silly ADD node_modules/toidentifier
546 silly ADD node_modules/setprototypeof
547 silly ADD node_modules/inherits
548 silly ADD node_modules/raw-body
549 silly ADD node_modules/iconv-lite
550 silly ADD node_modules/bytes
551 silly ADD node_modules/negotiator
552 silly ADD node_modules/vary
553 silly ADD node_modules/type-is
554 silly ADD node_modules/statuses
555 silly ADD node_modules/serve-static
556 silly ADD node_modules/send
557 silly ADD node_modules/router
558 silly ADD node_modules/range-parser
559 silly ADD node_modules/qs
560 silly ADD node_modules/proxy-addr
561 silly ADD node_modules/parseurl
562 silly ADD node_modules/once
563 silly ADD node_modules/on-finished
564 silly ADD node_modules/mime-types
565 silly ADD node_modules/merge-descriptors
566 silly ADD node_modules/http-errors
567 silly ADD node_modules/fresh
568 silly ADD node_modules/finalhandler
569 silly ADD node_modules/etag
570 silly ADD node_modules/escape-html
571 silly ADD node_modules/encodeurl
572 silly ADD node_modules/depd
573 silly ADD node_modules/cookie-signature
574 silly ADD node_modules/cookie
575 silly ADD node_modules/content-type
576 silly ADD node_modules/content-disposition
577 silly ADD node_modules/body-parser
578 silly ADD node_modules/accepts
579 silly ADD node_modules/express
580 verbose cwd /data/data/com.termux/files/home
581 verbose os Linux 5.10.233-android12-9-00010-g70ad1d50b2d2-ab14134993
582 verbose node v25.3.0
583 verbose npm  v11.6.2
584 verbose exit 0
585 info ok
