0 verbose cli /data/data/com.termux/files/usr/bin/node /data/data/com.termux/files/usr/bin/npm
1 info using npm@11.6.2
2 info using node@v25.3.0
3 silly config load:file:/data/data/com.termux/files/usr/lib/node_modules/npm/npmrc
4 silly config load:file:/data/data/com.termux/files/home/.npmrc
5 silly config load:file:/data/data/com.termux/files/usr/etc/npmrc
6 verbose title npm install debug discord.js-selfbot-v13 markov-strings
7 verbose argv "install" "debug" "discord.js-selfbot-v13" "markov-strings"
8 verbose logfile logs-max:10 dir:/data/data/com.termux/files/home/.npm/_logs/2026-03-01T03_26_54_156Z-
9 verbose logfile /data/data/com.termux/files/home/.npm/_logs/2026-03-01T03_26_54_156Z-debug-0.log
10 silly logfile start cleaning logs, removing 1 files
11 silly logfile done cleaning log files
12 silly packumentCache heap:1080819712 maxSize:270204928 maxEntrySize:135102464
13 silly idealTree buildDeps
14 silly fetch manifest discord.js-selfbot-v13@^3.7.1
15 silly packumentCache full:https://registry.npmjs.org/discord.js-selfbot-v13 cache-miss
16 http cache https://registry.npmjs.org/discord.js-selfbot-v13 409ms (cache hit)
17 silly packumentCache full:https://registry.npmjs.org/discord.js-selfbot-v13 set size:1038461 disposed:false
18 silly fetch manifest markov-strings@^3.0.2
19 silly packumentCache full:https://registry.npmjs.org/markov-strings cache-miss
20 http cache https://registry.npmjs.org/markov-strings 48ms (cache hit)
21 silly packumentCache full:https://registry.npmjs.org/markov-strings set size:69780 disposed:false
22 silly fetch manifest debug@*
23 silly packumentCache full:https://registry.npmjs.org/debug cache-miss
24 http fetch GET 200 https://registry.npmjs.org/debug 674ms (cache revalidated)
25 silly packumentCache full:https://registry.npmjs.org/debug set size:195840 disposed:false
26 silly placeDep ROOT debug@4.4.3 OK for:  want: *
27 silly placeDep ROOT discord.js-selfbot-v13@3.7.1 REPLACE for:  want: ^3.7.1
28 silly placeDep ROOT markov-strings@3.0.2 REPLACE for:  want: ^3.0.2
29 silly fetch manifest ms@^2.1.3
30 silly packumentCache full:https://registry.npmjs.org/ms cache-miss
31 http fetch GET 200 https://registry.npmjs.org/ms 101ms (cache revalidated)
32 silly packumentCache full:https://registry.npmjs.org/ms set size:92208 disposed:false
33 silly placeDep ROOT ms@2.1.3 OK for: debug@4.4.3 want: ^2.1.3
34 silly reify moves {}
35 silly audit bulk request {
35 silly audit   '@discordjs/builders': [ '1.13.1' ],
35 silly audit   '@discordjs/collection': [ '2.1.1' ],
35 silly audit   '@discordjs/formatters': [ '0.6.2' ],
35 silly audit   '@discordjs/util': [ '1.2.0' ],
35 silly audit   '@minhducsun2002/leb128': [ '1.0.0' ],
35 silly audit   '@otplib/core': [ '12.0.1' ],
35 silly audit   '@otplib/plugin-crypto': [ '12.0.1' ],
35 silly audit   '@otplib/plugin-thirty-two': [ '12.0.1' ],
35 silly audit   '@otplib/preset-default': [ '12.0.1' ],
35 silly audit   '@otplib/preset-v11': [ '12.0.1' ],
35 silly audit   '@sapphire/async-queue': [ '1.5.5' ],
35 silly audit   '@sapphire/shapeshift': [ '4.0.0' ],
35 silly audit   '@shinyoshiaki/jspack': [ '0.0.6' ],
35 silly audit   'aes-js': [ '3.1.2' ],
35 silly audit   'ansi-regex': [ '5.0.1' ],
35 silly audit   'ansi-styles': [ '4.3.0' ],
35 silly audit   'base64-js': [ '1.5.1' ],
35 silly audit   buffer: [ '6.0.3' ],
35 silly audit   camelcase: [ '5.3.1' ],
35 silly audit   chalk: [ '4.1.2' ],
35 silly audit   cliui: [ '6.0.0' ],
35 silly audit   'color-convert': [ '2.0.1' ],
35 silly audit   'color-name': [ '1.1.4' ],
35 silly audit   commander: [ '12.1.0' ],
35 silly audit   decamelize: [ '1.2.0' ],
35 silly audit   dijkstrajs: [ '1.0.3' ],
35 silly audit   'discord-api-types': [ '0.38.40' ],
35 silly audit   'emoji-regex': [ '8.0.0' ],
35 silly audit   'fast-deep-equal': [ '3.1.3' ],
35 silly audit   'fetch-cookie': [ '3.2.0' ],
35 silly audit   tldts: [ '7.0.23', '6.1.86' ],
35 silly audit   'tldts-core': [ '7.0.23', '6.1.86' ],
35 silly audit   'tough-cookie': [ '6.0.0', '5.1.2' ],
35 silly audit   'find-process': [ '2.1.0' ],
35 silly audit   'find-up': [ '4.1.0' ],
35 silly audit   'get-caller-file': [ '2.0.5' ],
35 silly audit   'has-flag': [ '4.0.0' ],
35 silly audit   ieee754: [ '1.2.1' ],
35 silly audit   'is-fullwidth-code-point': [ '3.0.0' ],
35 silly audit   'locate-path': [ '5.0.0' ],
35 silly audit   lodash: [ '4.17.23' ],
35 silly audit   'lodash-es': [ '4.17.23' ],
35 silly audit   loglevel: [ '1.9.2' ],
35 silly audit   mp4box: [ '0.5.4' ],
35 silly audit   otplib: [ '12.0.1' ],
35 silly audit   'p-limit': [ '2.3.0' ],
35 silly audit   'p-locate': [ '4.1.0' ],
35 silly audit   'p-try': [ '2.2.0' ],
35 silly audit   'path-exists': [ '4.0.0' ],
35 silly audit   pngjs: [ '5.0.0' ],
35 silly audit   'prism-media': [ '1.3.5' ],
35 silly audit   qrcode: [ '1.5.4' ],
35 silly audit   'require-directory': [ '2.1.1' ],
35 silly audit   'require-main-filename': [ '2.0.0' ],
35 silly audit   'set-blocking': [ '2.0.0' ],
35 silly audit   'set-cookie-parser': [ '2.7.2' ],
35 silly audit   'string-width': [ '4.2.3' ],
35 silly audit   'strip-ansi': [ '6.0.1' ],
35 silly audit   'supports-color': [ '7.2.0' ],
35 silly audit   'thirty-two': [ '1.0.2' ],
35 silly audit   'tree-kill': [ '1.2.2' ],
35 silly audit   'ts-mixer': [ '6.0.4' ],
35 silly audit   tslib: [ '2.8.1' ],
35 silly audit   undici: [ '7.22.0' ],
35 silly audit   'werift-rtp': [ '0.8.8' ],
35 silly audit   'which-module': [ '2.0.1' ],
35 silly audit   'wrap-ansi': [ '6.2.0' ],
35 silly audit   ws: [ '8.19.0' ],
35 silly audit   y18n: [ '4.0.3' ],
35 silly audit   yargs: [ '15.4.1' ],
35 silly audit   'yargs-parser': [ '18.1.3' ],
35 silly audit   debug: [ '4.4.3' ],
35 silly audit   'discord.js-selfbot-v13': [ '3.7.1' ],
35 silly audit   'markov-strings': [ '3.0.2' ],
35 silly audit   ms: [ '2.1.3' ]
35 silly audit }
36 http cache ms@https://registry.npmjs.org/ms/-/ms-2.1.3.tgz 0ms (cache hit)
37 http cache debug@https://registry.npmjs.org/debug/-/debug-4.4.3.tgz 0ms (cache hit)
38 http fetch POST 200 https://registry.npmjs.org/-/npm/v1/security/advisories/bulk 402ms
39 silly audit report {}
40 silly ADD node_modules/ms
41 silly ADD node_modules/debug
42 verbose cwd /data/data/com.termux/files/home
43 verbose os Linux 5.10.233-android12-9-00010-g70ad1d50b2d2-ab14134993
44 verbose node v25.3.0
45 verbose npm  v11.6.2
46 verbose exit 0
47 info ok
